0 info it worked if it ends with ok
1 verbose cli [ 'node', '/usr/local/bin/npm', 'install', '-g', 'grunt-init' ]
2 info using npm@2.0.0
3 info using node@v0.10.32
4 verbose cache add [ 'grunt-init', null ]
5 verbose cache add spec="grunt-init" args=["grunt-init",null]
6 verbose parsed spec { raw: 'grunt-init',
6 verbose parsed spec   scope: null,
6 verbose parsed spec   name: 'grunt-init',
6 verbose parsed spec   rawSpec: '',
6 verbose parsed spec   spec: '*',
6 verbose parsed spec   type: 'range' }
7 verbose parsed spec { raw: 'grunt-init',
7 verbose parsed spec   scope: null,
7 verbose parsed spec   name: 'grunt-init',
7 verbose parsed spec   rawSpec: '',
7 verbose parsed spec   spec: '*',
7 verbose parsed spec   type: 'range' }
8 verbose addNamed [ 'grunt-init', '*' ]
9 verbose addNamed [ null, '*' ]
10 silly lockFile 59dde00a-grunt-init grunt-init@*
11 verbose lock grunt-init@* /Users/laurenpittenger/.npm/59dde00a-grunt-init.lock
12 silly addNameRange { name: 'grunt-init', range: '*', hasData: false }
13 verbose mapToRegistry name grunt-init
14 verbose mapToRegistry uri https://registry.npmjs.org/grunt-init
15 verbose request on initialization, where is /grunt-init
16 verbose request after pass 1, where is /grunt-init
17 verbose request url raw /grunt-init
18 verbose request resolving registry [ 'https://registry.npmjs.org/', './grunt-init' ]
19 verbose request after pass 2, where is https://registry.npmjs.org/grunt-init
20 verbose request no auth needed
21 info attempt registry request try #1 at 01:45:18
22 verbose request id d791591022e09f89
23 http request GET https://registry.npmjs.org/grunt-init
24 http 200 https://registry.npmjs.org/grunt-init
25 silly registry.get cb [ 200,
25 silly registry.get   { date: 'Thu, 25 Sep 2014 05:45:18 GMT',
25 silly registry.get     server: 'CouchDB/1.5.0 (Erlang OTP/R14B04)',
25 silly registry.get     etag: '"4G7MPNBV30XJDO3ZBOMTU5KJ3"',
25 silly registry.get     'content-type': 'application/json',
25 silly registry.get     'cache-control': 'max-age=60',
25 silly registry.get     'content-length': '20782',
25 silly registry.get     'accept-ranges': 'bytes',
25 silly registry.get     via: '1.1 varnish',
25 silly registry.get     age: '0',
25 silly registry.get     'x-served-by': 'cache-iad2132-IAD',
25 silly registry.get     'x-cache': 'MISS',
25 silly registry.get     'x-cache-hits': '0',
25 silly registry.get     'x-timer': 'S1411623918.795399,VS0,VE75',
25 silly registry.get     vary: 'Accept',
25 silly registry.get     'keep-alive': 'timeout=10, max=50',
25 silly registry.get     connection: 'Keep-Alive' } ]
26 silly addNameRange number 2 { name: 'grunt-init', range: '*', hasData: true }
27 silly addNameRange versions [ 'grunt-init',
27 silly addNameRange   [ '0.1.0',
27 silly addNameRange     '0.2.0',
27 silly addNameRange     '0.2.1',
27 silly addNameRange     '0.3.0',
27 silly addNameRange     '0.2.0-rc1',
27 silly addNameRange     '0.2.0-rc2',
27 silly addNameRange     '0.2.0-rc3',
27 silly addNameRange     '0.2.0-rc4',
27 silly addNameRange     '0.2.0-rc5',
27 silly addNameRange     '0.2.0-rc6',
27 silly addNameRange     '0.2.0-rc7',
27 silly addNameRange     '0.2.0-rc8',
27 silly addNameRange     '0.3.1',
27 silly addNameRange     '0.3.2' ] ]
28 verbose addNamed [ 'grunt-init', '0.3.2' ]
29 verbose addNamed [ '0.3.2', '0.3.2' ]
30 silly lockFile f8b2076b-grunt-init-0-3-2 grunt-init@0.3.2
31 verbose lock grunt-init@0.3.2 /Users/laurenpittenger/.npm/f8b2076b-grunt-init-0-3-2.lock
32 silly lockFile a8e1642f--grunt-init-grunt-init-0-3-2-tgz https://registry.npmjs.org/grunt-init/-/grunt-init-0.3.2.tgz
33 verbose lock https://registry.npmjs.org/grunt-init/-/grunt-init-0.3.2.tgz /Users/laurenpittenger/.npm/a8e1642f--grunt-init-grunt-init-0-3-2-tgz.lock
34 verbose addRemoteTarball [ 'https://registry.npmjs.org/grunt-init/-/grunt-init-0.3.2.tgz',
34 verbose addRemoteTarball   '0062d318401cfc703db394aa9f8b9e7770809984' ]
35 info retry fetch attempt 1 at 01:45:18
36 info attempt registry request try #1 at 01:45:18
37 http fetch GET https://registry.npmjs.org/grunt-init/-/grunt-init-0.3.2.tgz
38 http fetch 200 https://registry.npmjs.org/grunt-init/-/grunt-init-0.3.2.tgz
39 silly fetchAndShaCheck shasum 0062d318401cfc703db394aa9f8b9e7770809984
40 silly lockFile a8e1642f--grunt-init-grunt-init-0-3-2-tgz https://registry.npmjs.org/grunt-init/-/grunt-init-0.3.2.tgz
41 silly lockFile a8e1642f--grunt-init-grunt-init-0-3-2-tgz https://registry.npmjs.org/grunt-init/-/grunt-init-0.3.2.tgz
42 silly lockFile f8b2076b-grunt-init-0-3-2 grunt-init@0.3.2
43 silly lockFile f8b2076b-grunt-init-0-3-2 grunt-init@0.3.2
44 silly lockFile 59dde00a-grunt-init grunt-init@*
45 silly lockFile 59dde00a-grunt-init grunt-init@*
46 silly resolved [ { name: 'grunt-init',
46 silly resolved     description: 'Generate project scaffolding from a template.',
46 silly resolved     version: '0.3.2',
46 silly resolved     homepage: 'https://github.com/gruntjs/grunt-init',
46 silly resolved     author: { name: 'Grunt Team', url: 'http://gruntjs.com/' },
46 silly resolved     repository: { type: 'git', url: 'git://github.com/gruntjs/grunt-init.git' },
46 silly resolved     bugs: { url: 'https://github.com/gruntjs/grunt-init/issues' },
46 silly resolved     licenses: [ [Object] ],
46 silly resolved     preferGlobal: true,
46 silly resolved     bin: { 'grunt-init': 'bin/grunt-init' },
46 silly resolved     engines: { node: '>= 0.8.0' },
46 silly resolved     scripts: { test: 'grunt test' },
46 silly resolved     dependencies:
46 silly resolved      { prompt: '~0.1.12',
46 silly resolved        semver: '~1.0.14',
46 silly resolved        hooker: '~0.2.3',
46 silly resolved        colors: '~0.6.0-1',
46 silly resolved        grunt: '~0.4.0',
46 silly resolved        lodash: '~2.4.1',
46 silly resolved        async: '~0.2.10' },
46 silly resolved     devDependencies:
46 silly resolved      { 'grunt-contrib-jshint': '~0.8.0',
46 silly resolved        'grunt-contrib-nodeunit': '~0.3.0' },
46 silly resolved     keywords: [ 'grunt', 'template', 'scaffold', 'generate', 'project' ],
46 silly resolved     contributors: [ [Object] ],
46 silly resolved     _id: 'grunt-init@0.3.2',
46 silly resolved     dist:
46 silly resolved      { shasum: '0062d318401cfc703db394aa9f8b9e7770809984',
46 silly resolved        tarball: 'http://registry.npmjs.org/grunt-init/-/grunt-init-0.3.2.tgz' },
46 silly resolved     _from: 'grunt-init@*',
46 silly resolved     _npmVersion: '1.4.3',
46 silly resolved     _npmUser: { name: 'vladikoff', email: 'vlad@vladikoff.com' },
46 silly resolved     maintainers: [ [Object], [Object], [Object], [Object] ],
46 silly resolved     directories: {},
46 silly resolved     _shasum: '0062d318401cfc703db394aa9f8b9e7770809984',
46 silly resolved     _resolved: 'https://registry.npmjs.org/grunt-init/-/grunt-init-0.3.2.tgz' } ]
47 info install grunt-init@0.3.2 into /usr/local/lib
48 info installOne grunt-init@0.3.2
49 verbose lib/node_modules/grunt-init unbuild
50 verbose gentlyRm vacuuming /usr/local/lib/node_modules/grunt-init
51 verbose tar unpack /Users/laurenpittenger/.npm/grunt-init/0.3.2/package.tgz
52 silly lockFile 2d48effc-ocal-lib-node-modules-grunt-init tar:///usr/local/lib/node_modules/grunt-init
53 verbose lock tar:///usr/local/lib/node_modules/grunt-init /Users/laurenpittenger/.npm/2d48effc-ocal-lib-node-modules-grunt-init.lock
54 silly lockFile fba31f3e-npm-grunt-init-0-3-2-package-tgz tar:///Users/laurenpittenger/.npm/grunt-init/0.3.2/package.tgz
55 verbose lock tar:///Users/laurenpittenger/.npm/grunt-init/0.3.2/package.tgz /Users/laurenpittenger/.npm/fba31f3e-npm-grunt-init-0-3-2-package-tgz.lock
56 verbose gentlyRm vacuuming /usr/local/lib/node_modules/grunt-init
57 silly gunzTarPerm modes [ '755', '644' ]
58 verbose fstream_path /usr/local/lib/node_modules/grunt-init
59 verbose fstream_type Directory
60 verbose fstream_class DirWriter
61 verbose stack Error: EACCES, mkdir '/usr/local/lib/node_modules/grunt-init'
62 verbose fstream_stack /usr/local/lib/node_modules/npm/node_modules/fstream/lib/dir-writer.js:36:23
62 verbose fstream_stack /usr/local/lib/node_modules/npm/node_modules/mkdirp/index.js:46:53
62 verbose fstream_stack Object.oncomplete (fs.js:107:15)
63 verbose cwd /Applications/MAMP/htdocs/The Lauren Project
64 error Darwin 13.3.0
65 error argv "node" "/usr/local/bin/npm" "install" "-g" "grunt-init"
66 error node v0.10.32
67 error npm  v2.0.0
68 error path /usr/local/lib/node_modules/grunt-init
69 error code EACCES
70 error errno 3
71 error Error: EACCES, mkdir '/usr/local/lib/node_modules/grunt-init'
71 error  { [Error: EACCES, mkdir '/usr/local/lib/node_modules/grunt-init']
71 error   errno: 3,
71 error   code: 'EACCES',
71 error   path: '/usr/local/lib/node_modules/grunt-init',
71 error   fstream_type: 'Directory',
71 error   fstream_path: '/usr/local/lib/node_modules/grunt-init',
71 error   fstream_class: 'DirWriter',
71 error   fstream_stack:
71 error    [ '/usr/local/lib/node_modules/npm/node_modules/fstream/lib/dir-writer.js:36:23',
71 error      '/usr/local/lib/node_modules/npm/node_modules/mkdirp/index.js:46:53',
71 error      'Object.oncomplete (fs.js:107:15)' ] }
72 error Please try running this command again as root/Administrator.
73 verbose exit [ 3, true ]
